2025-03-02 12:30:47,893 INFO o.a.j.u.JMeterUtils: Setting Locale to en_EN
2025-03-02 12:30:47,925 INFO o.a.j.JMeter: Loading user properties from: C:\apache-jmeter-5.6.3\bin\user.properties
2025-03-02 12:30:47,926 INFO o.a.j.JMeter: Loading system properties from: C:\apache-jmeter-5.6.3\bin\system.properties
2025-03-02 12:30:47,937 INFO o.a.j.JMeter: Copyright (c) 1998-2024 The Apache Software Foundation
2025-03-02 12:30:47,937 INFO o.a.j.JMeter: Version 5.6.3
2025-03-02 12:30:47,937 INFO o.a.j.JMeter: java.version=17.0.14
2025-03-02 12:30:47,938 INFO o.a.j.JMeter: java.vm.name=Java HotSpot(TM) 64-Bit Server VM
2025-03-02 12:30:47,938 INFO o.a.j.JMeter: os.name=Windows 11
2025-03-02 12:30:47,938 INFO o.a.j.JMeter: os.arch=amd64
2025-03-02 12:30:47,938 INFO o.a.j.JMeter: os.version=10.0
2025-03-02 12:30:47,938 INFO o.a.j.JMeter: file.encoding=Cp1252
2025-03-02 12:30:47,938 INFO o.a.j.JMeter: java.awt.headless=true
2025-03-02 12:30:47,938 INFO o.a.j.JMeter: Max memory     =1073741824
2025-03-02 12:30:47,938 INFO o.a.j.JMeter: Available Processors =4
2025-03-02 12:30:47,953 INFO o.a.j.JMeter: Default Locale=English (EN)
2025-03-02 12:30:47,954 INFO o.a.j.JMeter: JMeter  Locale=English (EN)
2025-03-02 12:30:47,954 INFO o.a.j.JMeter: JMeterHome=C:\apache-jmeter-5.6.3
2025-03-02 12:30:47,954 INFO o.a.j.JMeter: user.dir  =C:\Users\anshu\OneDrive\Desktop\J.AI\Web-App-Main
2025-03-02 12:30:47,955 INFO o.a.j.JMeter: PWD       =C:\Users\anshu\OneDrive\Desktop\J.AI\Web-App-Main
2025-03-02 12:30:47,957 INFO o.a.j.JMeter: IP: 192.168.59.253 Name: Anshu FullName: Anshu
2025-03-02 12:30:47,979 INFO o.a.j.s.FileServer: Default base='C:\Users\anshu\OneDrive\Desktop\J.AI\Web-App-Main'
2025-03-02 12:30:47,982 INFO o.a.j.s.FileServer: Set new base='C:\Users\anshu\OneDrive\Desktop\J.AI\Web-App-Main\jmx_files'
2025-03-02 12:30:48,282 INFO o.a.j.s.SaveService: Testplan (JMX) version: 2.2. Testlog (JTL) version: 2.2
2025-03-02 12:30:48,327 INFO o.a.j.s.SaveService: Using SaveService properties version 5.0
2025-03-02 12:30:48,332 INFO o.a.j.s.SaveService: Using SaveService properties file encoding UTF-8
2025-03-02 12:30:48,337 INFO o.a.j.s.SaveService: Loading file: C:\Users\anshu\OneDrive\Desktop\J.AI\Web-App-Main\jmx_files\incorrect.jmx
2025-03-02 12:30:48,421 INFO o.a.j.p.h.s.HTTPSamplerBase: Parser for text/html is org.apache.jmeter.protocol.http.parser.LagartoBasedHtmlParser
2025-03-02 12:30:48,421 INFO o.a.j.p.h.s.HTTPSamplerBase: Parser for application/xhtml+xml is org.apache.jmeter.protocol.http.parser.LagartoBasedHtmlParser
2025-03-02 12:30:48,421 INFO o.a.j.p.h.s.HTTPSamplerBase: Parser for application/xml is org.apache.jmeter.protocol.http.parser.LagartoBasedHtmlParser
2025-03-02 12:30:48,421 INFO o.a.j.p.h.s.HTTPSamplerBase: Parser for text/xml is org.apache.jmeter.protocol.http.parser.LagartoBasedHtmlParser
2025-03-02 12:30:48,421 INFO o.a.j.p.h.s.HTTPSamplerBase: Parser for text/vnd.wap.wml is org.apache.jmeter.protocol.http.parser.RegexpHTMLParser
2025-03-02 12:30:48,421 INFO o.a.j.p.h.s.HTTPSamplerBase: Parser for text/css is org.apache.jmeter.protocol.http.parser.CssParser
2025-03-02 12:30:48,452 INFO o.a.j.JMeter: Creating summariser <summary>
2025-03-02 12:30:48,466 INFO o.a.j.e.StandardJMeterEngine: Running the test!
2025-03-02 12:30:48,467 INFO o.a.j.s.SampleEvent: List of sample_variables: []
2025-03-02 12:30:48,467 INFO o.a.j.s.SampleEvent: List of sample_variables: []
2025-03-02 12:30:48,476 INFO o.a.j.e.u.CompoundVariable: Note: Function class names must contain the string: '.functions.'
2025-03-02 12:30:48,476 INFO o.a.j.e.u.CompoundVariable: Note: Function class names must not contain the string: '.gui.'
2025-03-02 12:30:48,584 INFO o.a.j.JMeter: Running test (1740898848584)
2025-03-02 12:30:48,607 INFO o.a.j.e.StandardJMeterEngine: Starting ThreadGroup: 1 : Negative
2025-03-02 12:30:48,607 INFO o.a.j.e.StandardJMeterEngine: Starting 3 threads for group Negative.
2025-03-02 12:30:48,607 INFO o.a.j.e.StandardJMeterEngine: Thread will continue on error
2025-03-02 12:30:48,608 INFO o.a.j.t.ThreadGroup: Starting thread group... number=1 threads=3 ramp-up=3 delayedStart=false
2025-03-02 12:30:48,614 INFO o.a.j.t.ThreadGroup: Started thread group number 1
2025-03-02 12:30:48,614 INFO o.a.j.e.StandardJMeterEngine: All thread groups have been started
2025-03-02 12:30:48,616 INFO o.a.j.t.JMeterThread: Thread started: Negative 1-1
2025-03-02 12:30:48,636 INFO o.a.j.p.h.s.HTTPHCAbstractImpl: Local host = Anshu
2025-03-02 12:30:48,644 INFO o.a.j.p.h.s.HTTPHC4Impl: HTTP request retry count = 0
2025-03-02 12:30:48,647 INFO o.a.j.s.SampleResult: Note: Sample TimeStamps are START times
2025-03-02 12:30:48,647 INFO o.a.j.s.SampleResult: sampleresult.default.encoding is set to UTF-8
2025-03-02 12:30:48,647 INFO o.a.j.s.SampleResult: sampleresult.useNanoTime=true
2025-03-02 12:30:48,647 INFO o.a.j.s.SampleResult: sampleresult.nanoThreadSleep=5000
2025-03-02 12:30:48,774 INFO o.a.j.t.JMeterThread: Thread is done: Negative 1-1
2025-03-02 12:30:48,775 INFO o.a.j.t.JMeterThread: Thread finished: Negative 1-1
2025-03-02 12:30:49,616 INFO o.a.j.t.JMeterThread: Thread started: Negative 1-2
2025-03-02 12:30:49,621 INFO o.a.j.t.JMeterThread: Thread is done: Negative 1-2
2025-03-02 12:30:49,622 INFO o.a.j.t.JMeterThread: Thread finished: Negative 1-2
2025-03-02 12:30:50,611 INFO o.a.j.t.JMeterThread: Thread started: Negative 1-3
2025-03-02 12:30:50,618 INFO o.a.j.t.JMeterThread: Thread is done: Negative 1-3
2025-03-02 12:30:50,618 INFO o.a.j.t.JMeterThread: Thread finished: Negative 1-3
2025-03-02 12:30:50,618 INFO o.a.j.e.StandardJMeterEngine: Notifying test listeners of end of test
2025-03-02 12:30:50,621 INFO o.a.j.r.Summariser: summary =      9 in 00:00:02 =    4.4/s Avg:     2 Min:     0 Max:    23 Err:     9 (100.00%)
