2025-02-13 20:53:16,864 INFO o.a.j.u.JMeterUtils: Setting Locale to en_EN
2025-02-13 20:53:16,913 INFO o.a.j.JMeter: Loading user properties from: user.properties
2025-02-13 20:53:16,915 INFO o.a.j.JMeter: Loading system properties from: system.properties
2025-02-13 20:53:16,933 INFO o.a.j.JMeter: Copyright (c) 1998-2024 The Apache Software Foundation
2025-02-13 20:53:16,933 INFO o.a.j.JMeter: Version 5.6.3
2025-02-13 20:53:16,933 INFO o.a.j.JMeter: java.version=17.0.14
2025-02-13 20:53:16,935 INFO o.a.j.JMeter: java.vm.name=Java HotSpot(TM) 64-Bit Server VM
2025-02-13 20:53:16,935 INFO o.a.j.JMeter: os.name=Windows 11
2025-02-13 20:53:16,935 INFO o.a.j.JMeter: os.arch=amd64
2025-02-13 20:53:16,935 INFO o.a.j.JMeter: os.version=10.0
2025-02-13 20:53:16,935 INFO o.a.j.JMeter: file.encoding=Cp1252
2025-02-13 20:53:16,935 INFO o.a.j.JMeter: java.awt.headless=null
2025-02-13 20:53:16,935 INFO o.a.j.JMeter: Max memory     =1073741824
2025-02-13 20:53:16,935 INFO o.a.j.JMeter: Available Processors =4
2025-02-13 20:53:16,953 INFO o.a.j.JMeter: Default Locale=English (EN)
2025-02-13 20:53:16,953 INFO o.a.j.JMeter: JMeter  Locale=English (EN)
2025-02-13 20:53:16,953 INFO o.a.j.JMeter: JMeterHome=C:\apache-jmeter-5.6.3
2025-02-13 20:53:16,953 INFO o.a.j.JMeter: user.dir  =C:\apache-jmeter-5.6.3\bin
2025-02-13 20:53:16,954 INFO o.a.j.JMeter: PWD       =C:\apache-jmeter-5.6.3\bin
2025-02-13 20:53:17,094 INFO o.a.j.JMeter: IP: 192.168.1.33 Name: Anshu FullName: Anshu.bbrouter
2025-02-13 20:53:17,124 INFO o.a.j.JMeter: Loaded icon properties from org/apache/jmeter/images/icon.properties
2025-02-13 20:53:17,476 INFO o.a.j.JMeterGuiLauncher: Setting LAF to: com.github.weisj.darklaf.DarkLaf:com.github.weisj.darklaf.theme.DarculaTheme
